2020-12-29 16:30:50,472|azureml|DEBUG|Inputs:: kwargs: {'OutputCollection': True, 'EnableMLflowTracking': True, 'snapshotProject': True}, track_folders: None, deny_list: None, directories_to_watch: ['logs', 'logs/azureml']
2020-12-29 16:30:50,474|azureml.history._tracking.PythonWorkingDirectory|DEBUG|Execution target type: none
2020-12-29 16:30:50,475|azureml.history._tracking.PythonWorkingDirectory|DEBUG|Failed to import pyspark with error: No module named 'pyspark'
2020-12-29 16:30:50,475|azureml.history._tracking.PythonWorkingDirectory.workingdir|DEBUG|Pinning working directory for filesystems: ['pyfs']
2020-12-29 16:30:51,616|azureml.core.run|DEBUG|Adding new factory <function ScriptRun._from_run_dto at 0x7ff200123048> for run source azureml.scriptrun
2020-12-29 16:30:51,772|azureml.core.authentication.TokenRefresherDaemon|DEBUG|Starting daemon and triggering first instance
2020-12-29 16:30:51,804|azureml._restclient.clientbase|INFO|Created a worker pool for first use
2020-12-29 16:30:51,804|azureml.core.authentication|DEBUG|Time to expire 1817990.19523 seconds
2020-12-29 16:30:51,805|azureml._restclient.service_context|DEBUG|Created a static thread pool for ServiceContext class
2020-12-29 16:30:51,806|azureml._base_sdk_common.service_discovery|DEBUG|Found history service url in environment variable AZUREML_SERVICE_ENDPOINT, history service url: https://northeurope.experiments.azureml.net.
2020-12-29 16:30:51,807|azureml._base_sdk_common.service_discovery|DEBUG|Found history service url in environment variable AZUREML_SERVICE_ENDPOINT, history service url: https://northeurope.experiments.azureml.net.
2020-12-29 16:30:51,808|azureml._base_sdk_common.service_discovery|DEBUG|Found history service url in environment variable AZUREML_SERVICE_ENDPOINT, history service url: https://northeurope.experiments.azureml.net.
2020-12-29 16:30:51,808|azureml._base_sdk_common.service_discovery|DEBUG|Found history service url in environment variable AZUREML_SERVICE_ENDPOINT, history service url: https://northeurope.experiments.azureml.net.
2020-12-29 16:30:51,808|azureml._base_sdk_common.service_discovery|DEBUG|Found history service url in environment variable AZUREML_SERVICE_ENDPOINT, history service url: https://northeurope.experiments.azureml.net.
2020-12-29 16:30:51,808|azureml._base_sdk_common.service_discovery|DEBUG|Found history service url in environment variable AZUREML_SERVICE_ENDPOINT, history service url: https://northeurope.experiments.azureml.net.
2020-12-29 16:30:51,808|azureml._base_sdk_common.service_discovery|DEBUG|Found history service url in environment variable AZUREML_SERVICE_ENDPOINT, history service url: https://northeurope.experiments.azureml.net.
2020-12-29 16:30:51,908|azureml._SubmittedRun#mslearn-diabetes_1609255840_bce1796e.RunHistoryFacade.RunClient.get_by_exp_id-async:False|DEBUG|[START]
2020-12-29 16:30:51,908|azureml._SubmittedRun#mslearn-diabetes_1609255840_bce1796e.RunHistoryFacade.RunClient|DEBUG|ClientBase: Calling get_by_exp_id with url /history/v1.0/subscriptions/{subscriptionId}/resourceGroups/{resourceGroupName}/providers/Microsoft.MachineLearningServices/workspaces/{workspaceName}/experimentids/{experimentId}/runs/{runId}
2020-12-29 16:30:52,211|azureml._SubmittedRun#mslearn-diabetes_1609255840_bce1796e.RunHistoryFacade.RunClient.get_by_exp_id-async:False|DEBUG|[STOP]
2020-12-29 16:30:52,213|azureml._SubmittedRun#mslearn-diabetes_1609255840_bce1796e|DEBUG|Constructing run from dto. type: azureml.scriptrun, source: None, props: {'_azureml.ComputeTargetType': 'local', 'ContentSnapshotId': 'f80529f7-7a28-416e-bca0-c518abc86a77', 'azureml.git.repository_uri': 'https://github.com/B5Bandet/mslearn-dp100.git', 'mlflow.source.git.repoURL': 'https://github.com/B5Bandet/mslearn-dp100.git', 'azureml.git.branch': 'main', 'mlflow.source.git.branch': 'main', 'azureml.git.commit': 'ece86caaa4a480bb9a2bfc0d91e84a929dc252cf', 'mlflow.source.git.commit': 'ece86caaa4a480bb9a2bfc0d91e84a929dc252cf', 'azureml.git.dirty': 'True'}
2020-12-29 16:30:52,214|azureml._SubmittedRun#mslearn-diabetes_1609255840_bce1796e.RunContextManager|DEBUG|Valid logs dir, setting up content loader
2020-12-29 16:30:52,218|azureml|WARNING|Could not import azureml.mlflow or azureml.contrib.mlflow mlflow APIs will not run against AzureML services.  Add azureml-mlflow as a conda dependency for the run if this behavior is desired
2020-12-29 16:30:52,218|azureml.WorkerPool|DEBUG|[START]
2020-12-29 16:30:52,219|azureml.SendRunKillSignal|DEBUG|[START]
2020-12-29 16:30:52,219|azureml.RunStatusContext|DEBUG|[START]
2020-12-29 16:30:52,219|azureml._SubmittedRun#mslearn-diabetes_1609255840_bce1796e.RunContextManager.RunStatusContext|DEBUG|[START]
2020-12-29 16:30:52,221|azureml.MetricsClient|DEBUG|[START]
2020-12-29 16:30:52,221|azureml._SubmittedRun#mslearn-diabetes_1609255840_bce1796e.RunHistoryFacade.MetricsClient|DEBUG|[START]
2020-12-29 16:30:52,221|azureml.ContentUploader|DEBUG|[START]
2020-12-29 16:30:52,238|azureml._history.utils.context_managers|DEBUG|starting file watcher
2020-12-29 16:30:52,241|azureml._history.utils.context_managers.FileWatcher.UploadQueue|DEBUG|[Start]
2020-12-29 16:30:52,242|azureml._SubmittedRun#mslearn-diabetes_1609255840_bce1796e.RunHistoryFacade.ArtifactsClient.batch_create_empty_artifacts-async:False|DEBUG|[START]
2020-12-29 16:30:52,242|azureml._SubmittedRun#mslearn-diabetes_1609255840_bce1796e.RunHistoryFacade.ArtifactsClient|DEBUG|ClientBase: Calling batch_create_empty_artifacts with url /artifact/v2.0/subscriptions/{subscriptionId}/resourceGroups/{resourceGroupName}/providers/Microsoft.MachineLearningServices/workspaces/{workspaceName}/artifacts/batch/metadata/{origin}/{container}
2020-12-29 16:30:52,245|azureml.TrackFolders|DEBUG|[START]
2020-12-29 16:30:52,245|azureml.WorkingDirectoryCM|DEBUG|[START]
2020-12-29 16:30:52,246|azureml.history._tracking.PythonWorkingDirectory.workingdir|DEBUG|[START]
2020-12-29 16:30:52,246|azureml.history._tracking.PythonWorkingDirectory|INFO|Current working dir: /private/var/folders/hm/k4qb5nfs5mn49dkfzy1ysfjw0000gn/T/azureml_runs/mslearn-diabetes_1609255840_bce1796e
2020-12-29 16:30:52,246|azureml.history._tracking.PythonWorkingDirectory.workingdir|DEBUG|Calling pyfs
2020-12-29 16:30:52,246|azureml.history._tracking.PythonWorkingDirectory.workingdir|DEBUG|Storing working dir for pyfs as /private/var/folders/hm/k4qb5nfs5mn49dkfzy1ysfjw0000gn/T/azureml_runs/mslearn-diabetes_1609255840_bce1796e
2020-12-29 16:30:52,692|azureml._SubmittedRun#mslearn-diabetes_1609255840_bce1796e.RunHistoryFacade.ArtifactsClient.batch_create_empty_artifacts-async:False|DEBUG|[STOP]
2020-12-29 16:30:52,916|azureml._history.utils.context_managers.FileWatcher|DEBUG|uploading data to container: azureml blob: ExperimentRun/dcid.mslearn-diabetes_1609255840_bce1796e/logs/azureml/80901_azureml.log path: /private/var/folders/hm/k4qb5nfs5mn49dkfzy1ysfjw0000gn/T/azureml_runs/mslearn-diabetes_1609255840_bce1796e/logs/azureml/80901_azureml.log
2020-12-29 16:30:52,917|azureml._history.utils.context_managers.FileWatcher.UploadQueue.WorkerPool|DEBUG|submitting future: result
2020-12-29 16:30:52,918|azureml._history.utils.context_managers.FileWatcher.UploadQueue.0_result|DEBUG|Using basic handler - no exception handling
2020-12-29 16:30:52,918|azureml._history.utils.context_managers.FileWatcher.UploadQueue|DEBUG|Adding task 0_result to queue of approximate size: 0
2020-12-29 16:30:53,754|azureml._restclient.service_context|DEBUG|Access an existing static threadpool for ServiceContext class
2020-12-29 16:30:53,755|azureml._base_sdk_common.service_discovery|DEBUG|Found history service url in environment variable AZUREML_SERVICE_ENDPOINT, history service url: https://northeurope.experiments.azureml.net.
2020-12-29 16:30:53,755|azureml._base_sdk_common.service_discovery|DEBUG|Found history service url in environment variable AZUREML_SERVICE_ENDPOINT, history service url: https://northeurope.experiments.azureml.net.
2020-12-29 16:30:53,755|azureml._base_sdk_common.service_discovery|DEBUG|Found history service url in environment variable AZUREML_SERVICE_ENDPOINT, history service url: https://northeurope.experiments.azureml.net.
2020-12-29 16:30:53,756|azureml._base_sdk_common.service_discovery|DEBUG|Found history service url in environment variable AZUREML_SERVICE_ENDPOINT, history service url: https://northeurope.experiments.azureml.net.
2020-12-29 16:30:53,756|azureml._base_sdk_common.service_discovery|DEBUG|Found history service url in environment variable AZUREML_SERVICE_ENDPOINT, history service url: https://northeurope.experiments.azureml.net.
2020-12-29 16:30:53,757|azureml._base_sdk_common.service_discovery|DEBUG|Found history service url in environment variable AZUREML_SERVICE_ENDPOINT, history service url: https://northeurope.experiments.azureml.net.
2020-12-29 16:30:53,757|azureml._base_sdk_common.service_discovery|DEBUG|Found history service url in environment variable AZUREML_SERVICE_ENDPOINT, history service url: https://northeurope.experiments.azureml.net.
2020-12-29 16:30:53,793|azureml._SubmittedRun#mslearn-diabetes_1609255840_bce1796e.RunHistoryFacade.RunClient.get_by_exp_id-async:False|DEBUG|[START]
2020-12-29 16:30:53,793|azureml._SubmittedRun#mslearn-diabetes_1609255840_bce1796e.RunHistoryFacade.RunClient|DEBUG|ClientBase: Calling get_by_exp_id with url /history/v1.0/subscriptions/{subscriptionId}/resourceGroups/{resourceGroupName}/providers/Microsoft.MachineLearningServices/workspaces/{workspaceName}/experimentids/{experimentId}/runs/{runId}
2020-12-29 16:30:54,011|azureml._SubmittedRun#mslearn-diabetes_1609255840_bce1796e.RunHistoryFacade.RunClient.get_by_exp_id-async:False|DEBUG|[STOP]
2020-12-29 16:30:54,012|azureml._SubmittedRun#mslearn-diabetes_1609255840_bce1796e|DEBUG|Constructing run from dto. type: azureml.scriptrun, source: None, props: {'_azureml.ComputeTargetType': 'local', 'ContentSnapshotId': 'f80529f7-7a28-416e-bca0-c518abc86a77', 'azureml.git.repository_uri': 'https://github.com/B5Bandet/mslearn-dp100.git', 'mlflow.source.git.repoURL': 'https://github.com/B5Bandet/mslearn-dp100.git', 'azureml.git.branch': 'main', 'mlflow.source.git.branch': 'main', 'azureml.git.commit': 'ece86caaa4a480bb9a2bfc0d91e84a929dc252cf', 'mlflow.source.git.commit': 'ece86caaa4a480bb9a2bfc0d91e84a929dc252cf', 'azureml.git.dirty': 'True'}
2020-12-29 16:30:54,012|azureml._SubmittedRun#mslearn-diabetes_1609255840_bce1796e.RunContextManager|DEBUG|Valid logs dir, setting up content loader
2020-12-29 16:30:54,032|azureml._SubmittedRun#mslearn-diabetes_1609255840_bce1796e.RunHistoryFacade.MetricsClient|DEBUG|Overrides: Max batch size: 50, batch cushion: 5, Interval: 1.
2020-12-29 16:30:54,032|azureml._SubmittedRun#mslearn-diabetes_1609255840_bce1796e.RunHistoryFacade.MetricsClient.PostMetricsBatchV2.PostMetricsBatchV2Daemon|DEBUG|Starting daemon and triggering first instance
2020-12-29 16:30:54,032|azureml._SubmittedRun#mslearn-diabetes_1609255840_bce1796e.RunHistoryFacade.MetricsClient|DEBUG|Used <class 'azureml._common.async_utils.batch_task_queue.BatchTaskQueue'> for use_batch=True.
2020-12-29 16:30:54,041|azureml._SubmittedRun#mslearn-diabetes_1609255840_bce1796e|INFO|complete is not setting status for submitted runs.
2020-12-29 16:30:54,041|azureml._SubmittedRun#mslearn-diabetes_1609255840_bce1796e.RunHistoryFacade.MetricsClient.FlushingMetricsClient|DEBUG|[START]
2020-12-29 16:30:54,042|azureml._SubmittedRun#mslearn-diabetes_1609255840_bce1796e.RunHistoryFacade.MetricsClient|DEBUG|Overrides: Max batch size: 50, batch cushion: 5, Interval: 1.
2020-12-29 16:30:54,042|azureml._SubmittedRun#mslearn-diabetes_1609255840_bce1796e.RunHistoryFacade.MetricsClient.PostMetricsBatch.PostMetricsBatchDaemon|DEBUG|Starting daemon and triggering first instance
2020-12-29 16:30:54,042|azureml._SubmittedRun#mslearn-diabetes_1609255840_bce1796e.RunHistoryFacade.MetricsClient|DEBUG|Used <class 'azureml._common.async_utils.batch_task_queue.BatchTaskQueue'> for use_batch=True.
2020-12-29 16:30:54,042|azureml._SubmittedRun#mslearn-diabetes_1609255840_bce1796e.RunHistoryFacade.MetricsClient.PostMetricsBatch.WaitFlushSource:MetricsClient|DEBUG|[START]
2020-12-29 16:30:54,042|azureml._SubmittedRun#mslearn-diabetes_1609255840_bce1796e.RunHistoryFacade.MetricsClient.PostMetricsBatch.WaitFlushSource:MetricsClient|DEBUG|flush timeout 300 is different from task queue timeout 120, using flush timeout
2020-12-29 16:30:54,042|azureml._SubmittedRun#mslearn-diabetes_1609255840_bce1796e.RunHistoryFacade.MetricsClient.PostMetricsBatch.WaitFlushSource:MetricsClient|DEBUG|Waiting 300 seconds on tasks: [].
2020-12-29 16:30:54,042|azureml._SubmittedRun#mslearn-diabetes_1609255840_bce1796e.RunHistoryFacade.MetricsClient.PostMetricsBatch|DEBUG|
2020-12-29 16:30:54,042|azureml._SubmittedRun#mslearn-diabetes_1609255840_bce1796e.RunHistoryFacade.MetricsClient.PostMetricsBatch.WaitFlushSource:MetricsClient|DEBUG|[STOP]
2020-12-29 16:30:54,042|azureml.BatchTaskQueueAdd_1_Batches|DEBUG|[Start]
2020-12-29 16:30:54,043|azureml.BatchTaskQueueAdd_1_Batches.WorkerPool|DEBUG|submitting future: _handle_batch
2020-12-29 16:30:54,043|azureml._SubmittedRun#mslearn-diabetes_1609255840_bce1796e.RunHistoryFacade.MetricsClient.PostMetricsBatchV2|DEBUG|Batch size 3.
2020-12-29 16:30:54,043|azureml._restclient.service_context.WorkerPool|DEBUG|submitting future: _log_batch_v2
2020-12-29 16:30:54,043|azureml.BatchTaskQueueAdd_1_Batches.0__handle_batch|DEBUG|Using basic handler - no exception handling
2020-12-29 16:30:54,043|azureml.BatchTaskQueueAdd_1_Batches|DEBUG|Adding task 0__handle_batch to queue of approximate size: 0
2020-12-29 16:30:54,043|azureml.BatchTaskQueueAdd_1_Batches|DEBUG|[Stop] - waiting default timeout
2020-12-29 16:30:54,043|azureml.BatchTaskQueueAdd_1_Batches.WaitFlushSource:BatchTaskQueueAdd_1_Batches|DEBUG|[START]
2020-12-29 16:30:54,043|azureml.BatchTaskQueueAdd_1_Batches.WaitFlushSource:BatchTaskQueueAdd_1_Batches|DEBUG|Overriding default flush timeout from None to 120
2020-12-29 16:30:54,043|azureml.BatchTaskQueueAdd_1_Batches.WaitFlushSource:BatchTaskQueueAdd_1_Batches|DEBUG|Waiting 120 seconds on tasks: [AsyncTask(0__handle_batch)].
2020-12-29 16:30:54,043|azureml._SubmittedRun#mslearn-diabetes_1609255840_bce1796e.RunHistoryFacade.MetricsClient|DEBUG|Metrics Client: _log_batch_v2 is calling post_run_metrics posting 3 values.
2020-12-29 16:30:54,044|azureml._SubmittedRun#mslearn-diabetes_1609255840_bce1796e.RunHistoryFacade.MetricsClient.PostMetricsBatchV2.0__log_batch_v2|DEBUG|Using basic handler - no exception handling
2020-12-29 16:30:54,044|azureml._SubmittedRun#mslearn-diabetes_1609255840_bce1796e.RunHistoryFacade.MetricsClient._post_run_metrics_log_failed_validations-async:False|DEBUG|[START]
2020-12-29 16:30:54,044|azureml._SubmittedRun#mslearn-diabetes_1609255840_bce1796e.RunHistoryFacade.MetricsClient.PostMetricsBatchV2|DEBUG|Adding task 0__log_batch_v2 to queue of approximate size: 0
2020-12-29 16:30:54,044|azureml._SubmittedRun#mslearn-diabetes_1609255840_bce1796e.RunHistoryFacade.MetricsClient|DEBUG|ClientBase: Calling _post_run_metrics_log_failed_validations with url None
2020-12-29 16:30:54,298|azureml.BatchTaskQueueAdd_1_Batches.0__handle_batch.WaitingTask|DEBUG|[START]
2020-12-29 16:30:54,299|azureml.BatchTaskQueueAdd_1_Batches.0__handle_batch.WaitingTask|DEBUG|Awaiter is BatchTaskQueueAdd_1_Batches
2020-12-29 16:30:54,299|azureml.BatchTaskQueueAdd_1_Batches.0__handle_batch.WaitingTask|DEBUG|[STOP]
2020-12-29 16:30:54,299|azureml.BatchTaskQueueAdd_1_Batches|DEBUG|Waiting on task: 0__handle_batch.
1 tasks left. Current duration of flush 0.0002410411834716797 seconds.

2020-12-29 16:30:54,299|azureml.BatchTaskQueueAdd_1_Batches.WaitFlushSource:BatchTaskQueueAdd_1_Batches|DEBUG|[STOP]
2020-12-29 16:30:54,300|azureml._SubmittedRun#mslearn-diabetes_1609255840_bce1796e.RunHistoryFacade.MetricsClient.PostMetricsBatchV2.WaitFlushSource:MetricsClient|DEBUG|[START]
2020-12-29 16:30:54,300|azureml._SubmittedRun#mslearn-diabetes_1609255840_bce1796e.RunHistoryFacade.MetricsClient.PostMetricsBatchV2.WaitFlushSource:MetricsClient|DEBUG|flush timeout 300 is different from task queue timeout 120, using flush timeout
2020-12-29 16:30:54,301|azureml._SubmittedRun#mslearn-diabetes_1609255840_bce1796e.RunHistoryFacade.MetricsClient.PostMetricsBatchV2.WaitFlushSource:MetricsClient|DEBUG|Waiting 300 seconds on tasks: [AsyncTask(0__log_batch_v2)].
2020-12-29 16:30:54,358|azureml._SubmittedRun#mslearn-diabetes_1609255840_bce1796e.RunHistoryFacade.MetricsClient._post_run_metrics_log_failed_validations-async:False|DEBUG|[STOP]
2020-12-29 16:30:54,557|azureml._SubmittedRun#mslearn-diabetes_1609255840_bce1796e.RunHistoryFacade.MetricsClient.PostMetricsBatchV2.0__log_batch_v2.WaitingTask|DEBUG|[START]
2020-12-29 16:30:54,557|azureml._SubmittedRun#mslearn-diabetes_1609255840_bce1796e.RunHistoryFacade.MetricsClient.PostMetricsBatchV2.0__log_batch_v2.WaitingTask|DEBUG|Awaiter is PostMetricsBatchV2
2020-12-29 16:30:54,557|azureml._SubmittedRun#mslearn-diabetes_1609255840_bce1796e.RunHistoryFacade.MetricsClient.PostMetricsBatchV2.0__log_batch_v2.WaitingTask|DEBUG|[STOP]
2020-12-29 16:30:54,557|azureml._SubmittedRun#mslearn-diabetes_1609255840_bce1796e.RunHistoryFacade.MetricsClient.PostMetricsBatchV2|DEBUG|Waiting on task: 0__log_batch_v2.
1 tasks left. Current duration of flush 0.0029430389404296875 seconds.

2020-12-29 16:30:54,557|azureml._SubmittedRun#mslearn-diabetes_1609255840_bce1796e.RunHistoryFacade.MetricsClient.PostMetricsBatchV2.WaitFlushSource:MetricsClient|DEBUG|[STOP]
2020-12-29 16:30:54,558|azureml._SubmittedRun#mslearn-diabetes_1609255840_bce1796e.RunHistoryFacade.MetricsClient.FlushingMetricsClient|DEBUG|[STOP]
2020-12-29 16:30:54,558|azureml._SubmittedRun#mslearn-diabetes_1609255840_bce1796e.RunHistoryFacade.MetricsClient.wait_on_ingest-async:False|DEBUG|[START]
2020-12-29 16:30:54,558|azureml._SubmittedRun#mslearn-diabetes_1609255840_bce1796e.RunHistoryFacade.MetricsClient|DEBUG|ClientBase: Calling wait_on_ingest with url /history/v1.0/subscriptions/{subscriptionId}/resourceGroups/{resourceGroupName}/providers/Microsoft.MachineLearningServices/workspaces/{workspaceName}/experiments/{experimentName}/runs/{runId}/metricsingest/wait
2020-12-29 16:30:54,754|azureml._SubmittedRun#mslearn-diabetes_1609255840_bce1796e.RunHistoryFacade.MetricsClient.wait_on_ingest-async:False|DEBUG|[STOP]
2020-12-29 16:30:54,756|azureml.history._tracking.PythonWorkingDirectory.workingdir|DEBUG|Uploading tracked directories: [], excluding []
2020-12-29 16:30:54,756|azureml.history._tracking.PythonWorkingDirectory.workingdir|DEBUG|Calling track for pyfs
2020-12-29 16:30:55,658|azureml.history._tracking.PythonWorkingDirectory.workingdir|DEBUG|Calling pyfs
2020-12-29 16:30:55,658|azureml.history._tracking.PythonWorkingDirectory|INFO|Current working dir: /private/var/folders/hm/k4qb5nfs5mn49dkfzy1ysfjw0000gn/T/azureml_runs/mslearn-diabetes_1609255840_bce1796e
2020-12-29 16:30:55,658|azureml.history._tracking.PythonWorkingDirectory.workingdir|DEBUG|Reverting working dir from /private/var/folders/hm/k4qb5nfs5mn49dkfzy1ysfjw0000gn/T/azureml_runs/mslearn-diabetes_1609255840_bce1796e to /private/var/folders/hm/k4qb5nfs5mn49dkfzy1ysfjw0000gn/T/azureml_runs/mslearn-diabetes_1609255840_bce1796e
2020-12-29 16:30:55,658|azureml.history._tracking.PythonWorkingDirectory|INFO|Working dir is already updated /private/var/folders/hm/k4qb5nfs5mn49dkfzy1ysfjw0000gn/T/azureml_runs/mslearn-diabetes_1609255840_bce1796e
2020-12-29 16:30:55,658|azureml.history._tracking.PythonWorkingDirectory.workingdir|DEBUG|[STOP]
2020-12-29 16:30:55,658|azureml.WorkingDirectoryCM|DEBUG|[STOP]
2020-12-29 16:30:55,658|azureml.history._tracking.PythonWorkingDirectory.workingdir|DEBUG|Uploading tracked directories: ['./outputs'], excluding ['azureml-logs/driver_log']
2020-12-29 16:30:55,659|azureml.history._tracking.PythonWorkingDirectory.workingdir|DEBUG|Calling track for pyfs
2020-12-29 16:30:55,659|azureml.history._tracking.PythonWorkingDirectory|DEBUG|./outputs exists as directory, uploading..
2020-12-29 16:30:55,659|azureml.history._tracking.PythonWorkingDirectory|DEBUG|Found and adding path to upload: ./outputs/sample.csv
2020-12-29 16:30:55,659|azureml.history._tracking.PythonWorkingDirectory|DEBUG|Paths to upload is ['./outputs/sample.csv'] in dir ./outputs
2020-12-29 16:30:55,659|azureml._SubmittedRun#mslearn-diabetes_1609255840_bce1796e.RunHistoryFacade.ArtifactsClient.upload_files|DEBUG|Overriding default timeout to 300
2020-12-29 16:30:55,659|azureml._SubmittedRun#mslearn-diabetes_1609255840_bce1796e.RunHistoryFacade.ArtifactsClient.upload_files|DEBUG|[Start]
2020-12-29 16:30:55,659|azureml._SubmittedRun#mslearn-diabetes_1609255840_bce1796e.RunHistoryFacade.ArtifactsClient.batch_create_empty_artifacts-async:False|DEBUG|[START]
2020-12-29 16:30:55,659|azureml._SubmittedRun#mslearn-diabetes_1609255840_bce1796e.RunHistoryFacade.ArtifactsClient|DEBUG|ClientBase: Calling batch_create_empty_artifacts with url /artifact/v2.0/subscriptions/{subscriptionId}/resourceGroups/{resourceGroupName}/providers/Microsoft.MachineLearningServices/workspaces/{workspaceName}/artifacts/batch/metadata/{origin}/{container}
2020-12-29 16:30:55,947|azureml._SubmittedRun#mslearn-diabetes_1609255840_bce1796e.RunHistoryFacade.ArtifactsClient.batch_create_empty_artifacts-async:False|DEBUG|[STOP]
2020-12-29 16:30:55,947|azureml._restclient.service_context.WorkerPool|DEBUG|submitting future: perform_upload
2020-12-29 16:30:55,947|azureml._SubmittedRun#mslearn-diabetes_1609255840_bce1796e.RunHistoryFacade.ArtifactsClient.upload_files.0_perform_upload|DEBUG|Using basic handler - no exception handling
2020-12-29 16:30:55,947|azureml._SubmittedRun#mslearn-diabetes_1609255840_bce1796e.RunHistoryFacade.ArtifactsClient.upload_files|DEBUG|Adding task 0_perform_upload to queue of approximate size: 0
2020-12-29 16:30:55,947|azureml._SubmittedRun#mslearn-diabetes_1609255840_bce1796e.RunHistoryFacade.ArtifactsClient.upload_files|DEBUG|[Stop] - waiting default timeout
2020-12-29 16:30:55,947|azureml._SubmittedRun#mslearn-diabetes_1609255840_bce1796e.RunHistoryFacade.ArtifactsClient.upload_files.WaitFlushSource:upload_files|DEBUG|[START]
2020-12-29 16:30:55,947|azureml._SubmittedRun#mslearn-diabetes_1609255840_bce1796e.RunHistoryFacade.ArtifactsClient.upload_files.WaitFlushSource:upload_files|DEBUG|Overriding default flush timeout from None to 300
2020-12-29 16:30:55,947|azureml._SubmittedRun#mslearn-diabetes_1609255840_bce1796e.RunHistoryFacade.ArtifactsClient.upload_files.WaitFlushSource:upload_files|DEBUG|Waiting 300 seconds on tasks: [AsyncTask(0_perform_upload)].
2020-12-29 16:30:55,948|azureml._restclient.clientbase|DEBUG|ClientBase: Calling create_blob_from_stream with url None
2020-12-29 16:30:56,262|azureml._file_utils.upload|DEBUG|Uploaded blob ExperimentRun/dcid.mslearn-diabetes_1609255840_bce1796e/outputs/sample.csv with size 5548.
2020-12-29 16:30:56,453|azureml._SubmittedRun#mslearn-diabetes_1609255840_bce1796e.RunHistoryFacade.ArtifactsClient.upload_files.0_perform_upload.WaitingTask|DEBUG|[START]
2020-12-29 16:30:56,453|azureml._SubmittedRun#mslearn-diabetes_1609255840_bce1796e.RunHistoryFacade.ArtifactsClient.upload_files.0_perform_upload.WaitingTask|DEBUG|Awaiter is upload_files
2020-12-29 16:30:56,453|azureml._SubmittedRun#mslearn-diabetes_1609255840_bce1796e.RunHistoryFacade.ArtifactsClient.upload_files.0_perform_upload.WaitingTask|DEBUG|[STOP]
2020-12-29 16:30:56,453|azureml._SubmittedRun#mslearn-diabetes_1609255840_bce1796e.RunHistoryFacade.ArtifactsClient.upload_files|DEBUG|Waiting on task: 0_perform_upload.
1 tasks left. Current duration of flush 9.298324584960938e-05 seconds.
Waiting on task: 0_perform_upload.
1 tasks left. Current duration of flush 0.2547478675842285 seconds.

2020-12-29 16:30:56,453|azureml._SubmittedRun#mslearn-diabetes_1609255840_bce1796e.RunHistoryFacade.ArtifactsClient.upload_files.WaitFlushSource:upload_files|DEBUG|[STOP]
2020-12-29 16:30:56,453|azureml.TrackFolders|DEBUG|[STOP]
2020-12-29 16:30:56,453|azureml._history.utils.context_managers|DEBUG|exiting ContentUploader, waiting for file_watcher to finish upload...
2020-12-29 16:30:56,453|azureml._history.utils.context_managers.FileWatcher|DEBUG|FileWatcher called finish, setting event
2020-12-29 16:30:56,453|azureml._history.utils.context_managers.FileWatcher|DEBUG|FileWatcher received exit event, getting current_stat
2020-12-29 16:30:56,454|azureml._history.utils.context_managers.FileWatcher.UploadQueue.WorkerPool|DEBUG|submitting future: result
2020-12-29 16:30:56,454|azureml._history.utils.context_managers.FileWatcher.UploadQueue.1_result|DEBUG|Using basic handler - no exception handling
2020-12-29 16:30:56,454|azureml._history.utils.context_managers.FileWatcher.UploadQueue|DEBUG|Adding task 1_result to queue of approximate size: 1
2020-12-29 16:30:56,455|azureml._history.utils.context_managers.FileWatcher|DEBUG|FileWatcher retrieved current_stat, will upload to current_stat
2020-12-29 16:30:56,455|azureml._history.utils.context_managers.FileWatcher|DEBUG|FileWatcher uploading files to current_stat...
2020-12-29 16:30:56,457|azureml._history.utils.context_managers.FileWatcher|DEBUG|FileWatcher uploading files to current_stat...
2020-12-29 16:30:56,461|azureml._history.utils.context_managers.FileWatcher|DEBUG|FileWatcher uploading files to current_stat...
2020-12-29 16:30:56,462|azureml._history.utils.context_managers.FileWatcher|DEBUG|FileWatcher uploading files to current_stat...
2020-12-29 16:30:56,463|azureml._history.utils.context_managers.FileWatcher|DEBUG|FileWatcher uploading files to current_stat...
2020-12-29 16:30:56,463|azureml._history.utils.context_managers.FileWatcher|DEBUG|FileWatcher uploading files to current_stat...
2020-12-29 16:30:56,464|azureml._history.utils.context_managers.FileWatcher|DEBUG|FileWatcher uploading files to current_stat...
2020-12-29 16:30:56,466|azureml._history.utils.context_managers.FileWatcher|DEBUG|FileWatcher uploading files to current_stat...
2020-12-29 16:30:56,466|azureml._history.utils.context_managers.FileWatcher|DEBUG|FileWatcher uploading files to current_stat...
2020-12-29 16:30:56,467|azureml._history.utils.context_managers.FileWatcher|DEBUG|FileWatcher uploading files to current_stat...
2020-12-29 16:30:56,468|azureml._history.utils.context_managers.FileWatcher|DEBUG|FileWatcher uploading files to current_stat...
2020-12-29 16:30:56,469|azureml._history.utils.context_managers.FileWatcher|DEBUG|FileWatcher uploading files to current_stat...
2020-12-29 16:30:56,469|azureml._history.utils.context_managers.FileWatcher|DEBUG|FileWatcher uploading files to current_stat...
2020-12-29 16:30:56,470|azureml._history.utils.context_managers.FileWatcher|DEBUG|FileWatcher uploading files to current_stat...
2020-12-29 16:30:56,471|azureml._history.utils.context_managers.FileWatcher|DEBUG|FileWatcher uploading files to current_stat...
2020-12-29 16:30:56,471|azureml._history.utils.context_managers.FileWatcher|DEBUG|FileWatcher uploading files to current_stat...
2020-12-29 16:30:56,471|azureml._history.utils.context_managers.FileWatcher|DEBUG|FileWatcher uploading files to current_stat...
2020-12-29 16:30:56,472|azureml._history.utils.context_managers.FileWatcher|DEBUG|FileWatcher uploading files to current_stat...
2020-12-29 16:30:56,472|azureml._history.utils.context_managers.FileWatcher|DEBUG|FileWatcher uploading files to current_stat...
2020-12-29 16:30:56,472|azureml._history.utils.context_managers.FileWatcher|DEBUG|FileWatcher uploading files to current_stat...
2020-12-29 16:30:56,472|azureml._history.utils.context_managers.FileWatcher|DEBUG|FileWatcher uploading files to current_stat...
2020-12-29 16:30:56,473|azureml._history.utils.context_managers.FileWatcher|DEBUG|FileWatcher uploading files to current_stat...
2020-12-29 16:30:56,473|azureml._history.utils.context_managers.FileWatcher|DEBUG|FileWatcher uploading files to current_stat...
2020-12-29 16:30:56,474|azureml._history.utils.context_managers.FileWatcher|DEBUG|FileWatcher uploading files to current_stat...
2020-12-29 16:30:56,475|azureml._history.utils.context_managers.FileWatcher|DEBUG|FileWatcher uploading files to current_stat...
2020-12-29 16:30:56,475|azureml._history.utils.context_managers.FileWatcher|DEBUG|FileWatcher uploading files to current_stat...
2020-12-29 16:30:56,476|azureml._history.utils.context_managers.FileWatcher|DEBUG|FileWatcher uploading files to current_stat...
2020-12-29 16:30:56,476|azureml._history.utils.context_managers.FileWatcher|DEBUG|FileWatcher uploading files to current_stat...
2020-12-29 16:30:56,477|azureml._history.utils.context_managers.FileWatcher|DEBUG|FileWatcher uploading files to current_stat...
2020-12-29 16:30:56,477|azureml._history.utils.context_managers.FileWatcher|DEBUG|FileWatcher uploading files to current_stat...
2020-12-29 16:30:56,478|azureml._history.utils.context_managers.FileWatcher|DEBUG|FileWatcher uploading files to current_stat...
2020-12-29 16:30:56,480|azureml._history.utils.context_managers.FileWatcher|DEBUG|FileWatcher uploading files to current_stat...
2020-12-29 16:30:56,481|azureml._history.utils.context_managers.FileWatcher|DEBUG|FileWatcher uploading files to current_stat...
2020-12-29 16:30:56,482|azureml._history.utils.context_managers.FileWatcher|DEBUG|FileWatcher uploading files to current_stat...
2020-12-29 16:30:56,483|azureml._history.utils.context_managers.FileWatcher|DEBUG|FileWatcher uploading files to current_stat...
2020-12-29 16:30:56,484|azureml._history.utils.context_managers.FileWatcher|DEBUG|FileWatcher uploading files to current_stat...
2020-12-29 16:30:56,485|azureml._history.utils.context_managers.FileWatcher|DEBUG|FileWatcher uploading files to current_stat...
2020-12-29 16:30:56,486|azureml._history.utils.context_managers.FileWatcher|DEBUG|FileWatcher uploading files to current_stat...
2020-12-29 16:30:56,487|azureml._history.utils.context_managers.FileWatcher|DEBUG|FileWatcher uploading files to current_stat...
2020-12-29 16:30:56,487|azureml._history.utils.context_managers.FileWatcher|DEBUG|FileWatcher uploading files to current_stat...
2020-12-29 16:30:56,487|azureml._history.utils.context_managers.FileWatcher|DEBUG|FileWatcher uploading files to current_stat...
2020-12-29 16:30:56,488|azureml._history.utils.context_managers.FileWatcher|DEBUG|FileWatcher uploading files to current_stat...
2020-12-29 16:30:56,488|azureml._history.utils.context_managers.FileWatcher|DEBUG|FileWatcher uploading files to current_stat...
2020-12-29 16:30:56,488|azureml._history.utils.context_managers.FileWatcher|DEBUG|FileWatcher uploading files to current_stat...
2020-12-29 16:30:56,488|azureml._history.utils.context_managers.FileWatcher|DEBUG|FileWatcher uploading files to current_stat...
2020-12-29 16:30:56,489|azureml._history.utils.context_managers.FileWatcher|DEBUG|FileWatcher uploading files to current_stat...
2020-12-29 16:30:56,489|azureml._history.utils.context_managers.FileWatcher|DEBUG|FileWatcher uploading files to current_stat...
2020-12-29 16:30:56,489|azureml._history.utils.context_managers.FileWatcher|DEBUG|FileWatcher uploading files to current_stat...
2020-12-29 16:30:56,489|azureml._history.utils.context_managers.FileWatcher|DEBUG|FileWatcher uploading files to current_stat...
2020-12-29 16:30:56,490|azureml._history.utils.context_managers.FileWatcher|DEBUG|FileWatcher uploading files to current_stat...
2020-12-29 16:30:56,490|azureml._history.utils.context_managers.FileWatcher|DEBUG|FileWatcher uploading files to current_stat...
2020-12-29 16:30:56,490|azureml._history.utils.context_managers.FileWatcher|DEBUG|FileWatcher uploading files to current_stat...
2020-12-29 16:30:56,491|azureml._history.utils.context_managers.FileWatcher|DEBUG|FileWatcher uploading files to current_stat...
2020-12-29 16:30:56,491|azureml._history.utils.context_managers.FileWatcher|DEBUG|FileWatcher uploading files to current_stat...
2020-12-29 16:30:56,491|azureml._history.utils.context_managers.FileWatcher|DEBUG|FileWatcher uploading files to current_stat...
2020-12-29 16:30:56,491|azureml._history.utils.context_managers.FileWatcher|DEBUG|FileWatcher uploading files to current_stat...
2020-12-29 16:30:56,492|azureml._history.utils.context_managers.FileWatcher|DEBUG|FileWatcher uploading files to current_stat...
2020-12-29 16:30:56,492|azureml._history.utils.context_managers.FileWatcher|DEBUG|FileWatcher uploading files to current_stat...
2020-12-29 16:30:56,492|azureml._history.utils.context_managers.FileWatcher|DEBUG|FileWatcher uploading files to current_stat...
2020-12-29 16:30:56,493|azureml._history.utils.context_managers.FileWatcher|DEBUG|FileWatcher uploading files to current_stat...
2020-12-29 16:30:56,493|azureml._history.utils.context_managers.FileWatcher|DEBUG|FileWatcher uploading files to current_stat...
2020-12-29 16:30:56,493|azureml._history.utils.context_managers.FileWatcher|DEBUG|FileWatcher uploading files to current_stat...
2020-12-29 16:30:56,493|azureml._history.utils.context_managers.FileWatcher|DEBUG|FileWatcher uploading files to current_stat...
2020-12-29 16:30:56,494|azureml._history.utils.context_managers.FileWatcher|DEBUG|FileWatcher uploading files to current_stat...
2020-12-29 16:30:56,494|azureml._history.utils.context_managers.FileWatcher|DEBUG|FileWatcher uploading files to current_stat...
2020-12-29 16:30:56,494|azureml._history.utils.context_managers.FileWatcher|DEBUG|FileWatcher uploading files to current_stat...
2020-12-29 16:30:56,495|azureml._history.utils.context_managers.FileWatcher|DEBUG|FileWatcher uploading files to current_stat...
2020-12-29 16:30:56,495|azureml._history.utils.context_managers.FileWatcher|DEBUG|FileWatcher uploading files to current_stat...
2020-12-29 16:30:56,495|azureml._history.utils.context_managers.FileWatcher|DEBUG|FileWatcher uploading files to current_stat...
2020-12-29 16:30:56,495|azureml._history.utils.context_managers.FileWatcher|DEBUG|FileWatcher uploading files to current_stat...
2020-12-29 16:30:56,496|azureml._history.utils.context_managers.FileWatcher|DEBUG|FileWatcher uploading files to current_stat...
2020-12-29 16:30:56,496|azureml._history.utils.context_managers.FileWatcher|DEBUG|FileWatcher uploading files to current_stat...
2020-12-29 16:30:56,496|azureml._history.utils.context_managers.FileWatcher|DEBUG|FileWatcher uploading files to current_stat...
2020-12-29 16:30:56,496|azureml._history.utils.context_managers.FileWatcher|DEBUG|FileWatcher uploading files to current_stat...
2020-12-29 16:30:56,497|azureml._history.utils.context_managers.FileWatcher|DEBUG|FileWatcher uploading files to current_stat...
2020-12-29 16:30:56,497|azureml._history.utils.context_managers.FileWatcher|DEBUG|FileWatcher uploading files to current_stat...
2020-12-29 16:30:56,497|azureml._history.utils.context_managers.FileWatcher|DEBUG|FileWatcher uploading files to current_stat...
2020-12-29 16:30:56,498|azureml._history.utils.context_managers.FileWatcher|DEBUG|FileWatcher uploading files to current_stat...
2020-12-29 16:30:56,498|azureml._history.utils.context_managers.FileWatcher|DEBUG|FileWatcher uploading files to current_stat...
2020-12-29 16:30:56,498|azureml._history.utils.context_managers.FileWatcher|DEBUG|FileWatcher uploading files to current_stat...
2020-12-29 16:30:56,498|azureml._history.utils.context_managers.FileWatcher|DEBUG|FileWatcher uploading files to current_stat...
2020-12-29 16:30:56,499|azureml._history.utils.context_managers.FileWatcher|DEBUG|FileWatcher uploading files to current_stat...
2020-12-29 16:30:56,499|azureml._history.utils.context_managers.FileWatcher|DEBUG|FileWatcher uploading files to current_stat...
2020-12-29 16:30:56,499|azureml._history.utils.context_managers.FileWatcher|DEBUG|FileWatcher uploading files to current_stat...
2020-12-29 16:30:56,500|azureml._history.utils.context_managers.FileWatcher|DEBUG|FileWatcher uploading files to current_stat...
2020-12-29 16:30:56,500|azureml._history.utils.context_managers.FileWatcher|DEBUG|FileWatcher uploading files to current_stat...
2020-12-29 16:30:56,501|azureml._history.utils.context_managers.FileWatcher|DEBUG|FileWatcher uploading files to current_stat...
2020-12-29 16:30:56,501|azureml._history.utils.context_managers.FileWatcher|DEBUG|FileWatcher uploading files to current_stat...
2020-12-29 16:30:56,501|azureml._history.utils.context_managers.FileWatcher|DEBUG|FileWatcher uploading files to current_stat...
2020-12-29 16:30:56,505|azureml._history.utils.context_managers.FileWatcher|DEBUG|FileWatcher uploading files to current_stat...
2020-12-29 16:30:56,506|azureml._history.utils.context_managers.FileWatcher|DEBUG|FileWatcher uploading files to current_stat...
2020-12-29 16:30:56,506|azureml._history.utils.context_managers.FileWatcher|DEBUG|FileWatcher uploading files to current_stat...
2020-12-29 16:30:56,506|azureml._history.utils.context_managers.FileWatcher|DEBUG|FileWatcher uploading files to current_stat...
2020-12-29 16:30:56,507|azureml._history.utils.context_managers.FileWatcher|DEBUG|FileWatcher uploading files to current_stat...
2020-12-29 16:30:56,507|azureml._history.utils.context_managers.FileWatcher|DEBUG|FileWatcher uploading files to current_stat...
2020-12-29 16:30:56,507|azureml._history.utils.context_managers.FileWatcher|DEBUG|FileWatcher uploading files to current_stat...
2020-12-29 16:30:56,508|azureml._history.utils.context_managers.FileWatcher|DEBUG|FileWatcher uploading files to current_stat...
2020-12-29 16:30:56,508|azureml._history.utils.context_managers.FileWatcher|DEBUG|FileWatcher uploading files to current_stat...
2020-12-29 16:30:56,508|azureml._history.utils.context_managers.FileWatcher|DEBUG|FileWatcher uploading files to current_stat...
2020-12-29 16:30:56,508|azureml._history.utils.context_managers.FileWatcher|DEBUG|FileWatcher uploading files to current_stat...
2020-12-29 16:30:56,509|azureml._history.utils.context_managers.FileWatcher|DEBUG|FileWatcher uploading files to current_stat...
2020-12-29 16:30:56,509|azureml._history.utils.context_managers.FileWatcher|DEBUG|FileWatcher uploading files to current_stat...
2020-12-29 16:30:56,509|azureml._history.utils.context_managers.FileWatcher|DEBUG|FileWatcher uploading files to current_stat...
2020-12-29 16:30:56,510|azureml._history.utils.context_managers.FileWatcher|DEBUG|FileWatcher uploading files to current_stat...
2020-12-29 16:30:56,510|azureml._history.utils.context_managers.FileWatcher|DEBUG|FileWatcher uploading files to current_stat...
2020-12-29 16:30:56,510|azureml._history.utils.context_managers.FileWatcher|DEBUG|FileWatcher uploading files to current_stat...
2020-12-29 16:30:56,511|azureml._history.utils.context_managers.FileWatcher|DEBUG|FileWatcher uploading files to current_stat...
2020-12-29 16:30:56,511|azureml._history.utils.context_managers.FileWatcher|DEBUG|FileWatcher uploading files to current_stat...
2020-12-29 16:30:56,511|azureml._history.utils.context_managers.FileWatcher|DEBUG|FileWatcher uploading files to current_stat...
2020-12-29 16:30:56,511|azureml._history.utils.context_managers.FileWatcher|DEBUG|FileWatcher uploading files to current_stat...
2020-12-29 16:30:56,512|azureml._history.utils.context_managers.FileWatcher|DEBUG|FileWatcher uploading files to current_stat...
2020-12-29 16:30:56,512|azureml._history.utils.context_managers.FileWatcher|DEBUG|FileWatcher uploading files to current_stat...
2020-12-29 16:30:56,512|azureml._history.utils.context_managers.FileWatcher|DEBUG|FileWatcher uploading files to current_stat...
2020-12-29 16:30:56,512|azureml._history.utils.context_managers.FileWatcher|DEBUG|FileWatcher uploading files to current_stat...
2020-12-29 16:30:56,513|azureml._history.utils.context_managers.FileWatcher|DEBUG|FileWatcher uploading files to current_stat...
2020-12-29 16:30:56,513|azureml._history.utils.context_managers.FileWatcher|DEBUG|FileWatcher uploading files to current_stat...
2020-12-29 16:30:56,513|azureml._history.utils.context_managers.FileWatcher|DEBUG|FileWatcher uploading files to current_stat...
2020-12-29 16:30:56,514|azureml._history.utils.context_managers.FileWatcher|DEBUG|FileWatcher uploading files to current_stat...
2020-12-29 16:30:56,514|azureml._history.utils.context_managers.FileWatcher|DEBUG|FileWatcher uploading files to current_stat...
2020-12-29 16:30:56,514|azureml._history.utils.context_managers.FileWatcher|DEBUG|FileWatcher uploading files to current_stat...
2020-12-29 16:30:56,515|azureml._history.utils.context_managers.FileWatcher|DEBUG|FileWatcher uploading files to current_stat...
2020-12-29 16:30:56,515|azureml._history.utils.context_managers.FileWatcher|DEBUG|FileWatcher uploading files to current_stat...
2020-12-29 16:30:56,515|azureml._history.utils.context_managers.FileWatcher|DEBUG|FileWatcher uploading files to current_stat...
2020-12-29 16:30:56,515|azureml._history.utils.context_managers.FileWatcher|DEBUG|FileWatcher uploading files to current_stat...
2020-12-29 16:30:56,516|azureml._history.utils.context_managers.FileWatcher|DEBUG|FileWatcher uploading files to current_stat...
2020-12-29 16:30:56,516|azureml._history.utils.context_managers.FileWatcher|DEBUG|FileWatcher uploading files to current_stat...
2020-12-29 16:30:56,516|azureml._history.utils.context_managers.FileWatcher|DEBUG|FileWatcher uploading files to current_stat...
2020-12-29 16:30:56,517|azureml._history.utils.context_managers.FileWatcher|DEBUG|FileWatcher uploading files to current_stat...
2020-12-29 16:30:56,517|azureml._history.utils.context_managers.FileWatcher|DEBUG|FileWatcher uploading files to current_stat...
2020-12-29 16:30:56,517|azureml._history.utils.context_managers.FileWatcher|DEBUG|FileWatcher uploading files to current_stat...
2020-12-29 16:30:56,518|azureml._history.utils.context_managers.FileWatcher|DEBUG|FileWatcher uploading files to current_stat...
2020-12-29 16:30:56,518|azureml._history.utils.context_managers.FileWatcher|DEBUG|FileWatcher uploading files to current_stat...
2020-12-29 16:30:56,519|azureml._history.utils.context_managers.FileWatcher|DEBUG|FileWatcher uploading files to current_stat...
2020-12-29 16:30:56,519|azureml._history.utils.context_managers.FileWatcher|DEBUG|FileWatcher uploading files to current_stat...
2020-12-29 16:30:56,519|azureml._history.utils.context_managers.FileWatcher|DEBUG|FileWatcher uploading files to current_stat...
2020-12-29 16:30:56,519|azureml._history.utils.context_managers.FileWatcher|DEBUG|FileWatcher uploading files to current_stat...
2020-12-29 16:30:56,520|azureml._history.utils.context_managers.FileWatcher|DEBUG|FileWatcher uploading files to current_stat...
2020-12-29 16:30:56,520|azureml._history.utils.context_managers.FileWatcher|DEBUG|FileWatcher uploading files to current_stat...
2020-12-29 16:30:56,520|azureml._history.utils.context_managers.FileWatcher|DEBUG|FileWatcher uploading files to current_stat...
2020-12-29 16:30:56,521|azureml._history.utils.context_managers.FileWatcher|DEBUG|FileWatcher uploading files to current_stat...
2020-12-29 16:30:56,521|azureml._history.utils.context_managers.FileWatcher|DEBUG|FileWatcher uploading files to current_stat...
2020-12-29 16:30:56,521|azureml._history.utils.context_managers.FileWatcher|DEBUG|FileWatcher uploading files to current_stat...
2020-12-29 16:30:56,521|azureml._history.utils.context_managers.FileWatcher|DEBUG|FileWatcher uploading files to current_stat...
2020-12-29 16:30:56,522|azureml._history.utils.context_managers.FileWatcher|DEBUG|FileWatcher uploading files to current_stat...
2020-12-29 16:30:56,522|azureml._history.utils.context_managers.FileWatcher|DEBUG|FileWatcher uploading files to current_stat...
2020-12-29 16:30:56,522|azureml._history.utils.context_managers.FileWatcher|DEBUG|FileWatcher uploading files to current_stat...
2020-12-29 16:30:56,523|azureml._history.utils.context_managers.FileWatcher|DEBUG|FileWatcher uploading files to current_stat...
2020-12-29 16:30:56,523|azureml._history.utils.context_managers.FileWatcher|DEBUG|FileWatcher uploading files to current_stat...
2020-12-29 16:30:56,523|azureml._history.utils.context_managers.FileWatcher|DEBUG|FileWatcher uploading files to current_stat...
2020-12-29 16:30:56,523|azureml._history.utils.context_managers.FileWatcher|DEBUG|FileWatcher uploading files to current_stat...
2020-12-29 16:30:56,524|azureml._history.utils.context_managers.FileWatcher|DEBUG|FileWatcher uploading files to current_stat...
2020-12-29 16:30:56,524|azureml._history.utils.context_managers.FileWatcher|DEBUG|FileWatcher uploading files to current_stat...
2020-12-29 16:30:56,524|azureml._history.utils.context_managers.FileWatcher|DEBUG|FileWatcher uploading files to current_stat...
2020-12-29 16:30:56,524|azureml._history.utils.context_managers.FileWatcher|DEBUG|FileWatcher uploading files to current_stat...
2020-12-29 16:30:56,525|azureml._history.utils.context_managers.FileWatcher|DEBUG|FileWatcher uploading files to current_stat...
2020-12-29 16:30:56,525|azureml._history.utils.context_managers.FileWatcher|DEBUG|FileWatcher uploading files to current_stat...
2020-12-29 16:30:56,525|azureml._history.utils.context_managers.FileWatcher|DEBUG|FileWatcher uploading files to current_stat...
2020-12-29 16:30:56,526|azureml._history.utils.context_managers.FileWatcher|DEBUG|FileWatcher uploading files to current_stat...
2020-12-29 16:30:56,526|azureml._history.utils.context_managers.FileWatcher|DEBUG|FileWatcher uploading files to current_stat...
2020-12-29 16:30:56,526|azureml._history.utils.context_managers.FileWatcher|DEBUG|FileWatcher uploading files to current_stat...
2020-12-29 16:30:56,526|azureml._history.utils.context_managers.FileWatcher|DEBUG|FileWatcher uploading files to current_stat...
2020-12-29 16:30:56,527|azureml._history.utils.context_managers.FileWatcher|DEBUG|FileWatcher uploading files to current_stat...
2020-12-29 16:30:56,527|azureml._history.utils.context_managers.FileWatcher|DEBUG|FileWatcher uploading files to current_stat...
2020-12-29 16:30:56,528|azureml._history.utils.context_managers.FileWatcher|DEBUG|FileWatcher uploading files to current_stat...
2020-12-29 16:30:56,528|azureml._history.utils.context_managers.FileWatcher|DEBUG|FileWatcher uploading files to current_stat...
2020-12-29 16:30:56,528|azureml._history.utils.context_managers.FileWatcher|DEBUG|FileWatcher uploading files to current_stat...
2020-12-29 16:30:56,528|azureml._history.utils.context_managers.FileWatcher|DEBUG|FileWatcher uploading files to current_stat...
2020-12-29 16:30:56,529|azureml._history.utils.context_managers.FileWatcher|DEBUG|FileWatcher uploading files to current_stat...
2020-12-29 16:30:56,529|azureml._history.utils.context_managers.FileWatcher|DEBUG|FileWatcher uploading files to current_stat...
2020-12-29 16:30:56,529|azureml._history.utils.context_managers.FileWatcher|DEBUG|FileWatcher uploading files to current_stat...
2020-12-29 16:30:56,529|azureml._history.utils.context_managers.FileWatcher|DEBUG|FileWatcher uploading files to current_stat...
2020-12-29 16:30:56,530|azureml._history.utils.context_managers.FileWatcher|DEBUG|FileWatcher uploading files to current_stat...
2020-12-29 16:30:56,530|azureml._history.utils.context_managers.FileWatcher|DEBUG|FileWatcher uploading files to current_stat...
2020-12-29 16:30:56,531|azureml._history.utils.context_managers.FileWatcher|DEBUG|FileWatcher uploading files to current_stat...
2020-12-29 16:30:56,532|azureml._history.utils.context_managers.FileWatcher.UploadQueue.WorkerPool|DEBUG|submitting future: result
2020-12-29 16:30:56,537|azureml._history.utils.context_managers.FileWatcher.UploadQueue.2_result|DEBUG|Using basic handler - no exception handling
2020-12-29 16:30:56,537|azureml._history.utils.context_managers.FileWatcher.UploadQueue|DEBUG|Adding task 2_result to queue of approximate size: 2
2020-12-29 16:30:56,537|azureml._history.utils.context_managers.FileWatcher|DEBUG|FileWatcher finished uploading to current_stat, finishing task queue
2020-12-29 16:30:56,537|azureml._history.utils.context_managers.FileWatcher.UploadQueue|DEBUG|[Stop] - waiting default timeout
2020-12-29 16:30:56,537|azureml._history.utils.context_managers.FileWatcher.UploadQueue.WaitFlushSource:UploadQueue|DEBUG|[START]
2020-12-29 16:30:56,537|azureml._history.utils.context_managers.FileWatcher.UploadQueue.WaitFlushSource:UploadQueue|DEBUG|Overriding default flush timeout from None to 120
2020-12-29 16:30:56,538|azureml._history.utils.context_managers.FileWatcher.UploadQueue.WaitFlushSource:UploadQueue|DEBUG|Waiting 120 seconds on tasks: [AsyncTask(0_result), AsyncTask(1_result), AsyncTask(2_result)].
2020-12-29 16:30:56,538|azureml._history.utils.context_managers.FileWatcher.UploadQueue.0_result.WaitingTask|DEBUG|[START]
2020-12-29 16:30:56,538|azureml._history.utils.context_managers.FileWatcher.UploadQueue.0_result.WaitingTask|DEBUG|Awaiter is UploadQueue
2020-12-29 16:30:56,538|azureml._history.utils.context_managers.FileWatcher.UploadQueue.0_result.WaitingTask|DEBUG|[STOP]
2020-12-29 16:30:56,538|azureml._history.utils.context_managers.FileWatcher.UploadQueue.1_result.WaitingTask|DEBUG|[START]
2020-12-29 16:30:56,541|azureml._history.utils.context_managers.FileWatcher.UploadQueue.1_result.WaitingTask|DEBUG|Awaiter is UploadQueue
2020-12-29 16:30:56,542|azureml._history.utils.context_managers.FileWatcher.UploadQueue.1_result.WaitingTask|DEBUG|[STOP]
2020-12-29 16:30:56,794|azureml._history.utils.context_managers.FileWatcher.UploadQueue.2_result.WaitingTask|DEBUG|[START]
2020-12-29 16:30:56,794|azureml._history.utils.context_managers.FileWatcher.UploadQueue.2_result.WaitingTask|DEBUG|Awaiter is UploadQueue
2020-12-29 16:30:56,795|azureml._history.utils.context_managers.FileWatcher.UploadQueue.2_result.WaitingTask|DEBUG|[STOP]
2020-12-29 16:30:56,795|azureml._history.utils.context_managers.FileWatcher.UploadQueue|DEBUG|Waiting on task: 2_result.
1 tasks left. Current duration of flush 0.004895925521850586 seconds.

2020-12-29 16:30:56,795|azureml._history.utils.context_managers.FileWatcher.UploadQueue.WaitFlushSource:UploadQueue|DEBUG|[STOP]
